<?xml version="1.0" encoding="UTF-8"?>
<!-- Generated by org.testng.reporters.JUnitReportReporter -->
<testsuite hostname="INHYLP0031" failures="0" tests="1" name="Test.Test_AddGiftCustomCode" time="27.710" errors="0" timestamp="2023-12-14T13:00:55 IST" skipped="0">
  <testcase classname="Test.Test_AddGiftCustomCode" name="Add_Couponwith_gift_and_systemGenerated_code" time="27.710"/>
  <system-out/>
</testsuite> <!-- Test.Test_AddGiftCustomCode -->
