<?xml version="1.0" encoding="UTF-8"?>
<!-- Generated by org.testng.reporters.JUnitReportReporter -->
<testsuite hostname="INHYLP0031" failures="0" tests="1" name="Test.Test_AddcouponCode" time="23.661" errors="0" timestamp="2023-12-19T17:30:28 IST" skipped="0">
  <testcase classname="Test.Test_AddcouponCode" name="Add_Couponwith_gift_and_systemGenerated_code" time="23.661"/>
  <system-out/>
</testsuite> <!-- Test.Test_AddcouponCode -->
