<?xml version="1.0" encoding="UTF-8"?>
<!-- Generated by org.testng.reporters.JUnitReportReporter -->
<testsuite hostname="INHYLP0031" failures="0" tests="1" name="Test.Test_Delete" time="28.277" errors="0" timestamp="2023-12-18T15:29:48 IST" skipped="0">
  <testcase classname="Test.Test_Delete" name="testDelete" time="28.277"/>
  <system-out/>
</testsuite> <!-- Test.Test_Delete -->
